<?xml version="1.0" encoding="UTF-8"?>
<!-- Generated by org.testng.reporters.JUnitXMLReporter -->
<testsuite ignored="0" hostname="Kritikas-MacBook-Air.local" failures="0" tests="4" name="Test" time="0.064" errors="0" timestamp="2022-01-12T21:00:26 IST">
  <testcase classname="MavenGroupId.MavenArtifactId.AppiumTest" name="AppiumTest1" time="0.012"/>
  <testcase classname="MavenGroupId.MavenArtifactId.AppiumTest" name="AppiumTest2" time="0.001"/>
  <testcase classname="MavenGroupId.MavenArtifactId.SeleniumTest" name="SeleniumTest1" time="0.001"/>
  <testcase classname="MavenGroupId.MavenArtifactId.SeleniumTest" name="SeleniumTest2" time="0.001"/>
</testsuite> <!-- Test -->
