<?xml version="1.0" encoding="UTF-8"?>
<!-- Generated by org.testng.reporters.JUnitXMLReporter -->
<testsuite hostname="Kritikas-MacBook-Air.local" ignored="0" name="Command line test" tests="6" failures="0" timestamp="2022-01-16T19:03:54 IST" time="0.056" errors="0">
  <testcase name="AppiumTest1" time="0.004" classname="MavenGroupId.MavenArtifactId.AppiumTest"/>
  <testcase name="AppiumTest2" time="0.001" classname="MavenGroupId.MavenArtifactId.AppiumTest"/>
  <testcase name="SeleniumTest1" time="0.0" classname="MavenGroupId.MavenArtifactId.SeleniumTest"/>
  <testcase name="SeleniumTest2" time="0.0" classname="MavenGroupId.MavenArtifactId.SeleniumTest"/>
  <testcase name="RestApiTest1" time="0.0" classname="MavenGroupId.MavenArtifactId.RESTAPITest"/>
  <testcase name="RestApiTest2" time="0.0" classname="MavenGroupId.MavenArtifactId.RESTAPITest"/>
</testsuite> <!-- Command line test -->
