<?xml version="1.0" encoding="UTF-8"?>
<testng-results skipped="0" failed="0" ignored="0" total="4" passed="4">
  <reporter-output>
  </reporter-output>
  <suite name="Suite" duration-ms="56" started-at="2022-01-16T21:26:27 IST" finished-at="2022-01-16T21:26:27 IST">
    <groups>
    </groups>
    <test name="Test" duration-ms="56" started-at="2022-01-16T21:26:27 IST" finished-at="2022-01-16T21:26:27 IST">
      <class name="MavenGroupId.MavenArtifactId.SeleniumTest">
        <test-method status="PASS" signature="SeleniumTest2()[pri:0, instance:MavenGroupId.MavenArtifactId.SeleniumTest@67205a84]" name="SeleniumTest2" duration-ms="0" started-at="2022-01-16T21:26:27 IST" finished-at="2022-01-16T21:26:27 IST">
          <reporter-output>
          </reporter-output>
        </test-method> <!-- SeleniumTest2 -->
        <test-method status="PASS" signature="SeleniumTest1()[pri:0, instance:MavenGroupId.MavenArtifactId.SeleniumTest@67205a84]" name="SeleniumTest1" duration-ms="0" started-at="2022-01-16T21:26:27 IST" finished-at="2022-01-16T21:26:27 IST">
          <reporter-output>
          </reporter-output>
        </test-method> <!-- SeleniumTest1 -->
      </class> <!-- MavenGroupId.MavenArtifactId.SeleniumTest -->
      <class name="MavenGroupId.MavenArtifactId.AppiumTest">
        <test-method status="PASS" signature="AppiumTest1()[pri:0, instance:MavenGroupId.MavenArtifactId.AppiumTest@63e2203c]" name="AppiumTest1" duration-ms="3" started-at="2022-01-16T21:26:27 IST" finished-at="2022-01-16T21:26:27 IST">
          <reporter-output>
          </reporter-output>
        </test-method> <!-- AppiumTest1 -->
        <test-method status="PASS" signature="AppiumTest2()[pri:0, instance:MavenGroupId.MavenArtifactId.AppiumTest@63e2203c]" name="AppiumTest2" duration-ms="0" started-at="2022-01-16T21:26:27 IST" finished-at="2022-01-16T21:26:27 IST">
          <reporter-output>
          </reporter-output>
        </test-method> <!-- AppiumTest2 -->
      </class> <!-- MavenGroupId.MavenArtifactId.AppiumTest -->
    </test> <!-- Test -->
  </suite> <!-- Suite -->
</testng-results>
